C:\Program Files (x86)\MSBuild\Microsoft.Cpp\v4.0\V140\Microsoft.CppBuild.targets(368,5): warning MSB8004: Output Directory does not end with a trailing slash.  This build instance will add the slash as it is required to allow proper evaluation of the Output Directory.
  RRC.c
  RLC.c
  Relay.c
  PDCP.c
  NAS.c
  MIMO.c
  Mac_scheduler.c
  LTE_Phy.c
c:\users\sony\desktop\lte_ue_pathloss\lte\lte_phy.c(102): warning C4047: '=': 'pathloss_data' differs in levels of indirection from 'pathloss_data *'
c:\users\sony\desktop\lte_ue_pathloss\lte\lte_phy.c(87): warning C4101: 'count': unreferenced local variable
c:\users\sony\desktop\lte_ue_pathloss\lte\lte_phy.c(87): warning C4101: 'data': unreferenced local variable
  LTE_enum.c
  LTE.c
  HARQ.c
  Femtocell.c
  D2D.c
  CA.c
  Generating Code...
C:\Program Files (x86)\MSBuild\Microsoft.Cpp\v4.0\V140\Microsoft.CppBuild.targets(1189,5): warning MSB8012: TargetPath(C:\Users\Sony\Desktop\LTE_UE_pathloss\LTE\..\Dll\LTE.dll) does not match the Linker's OutputFile property value (C:\Users\Sony\Desktop\LTE_UE_pathloss\Dll\libLTE.dll). This may cause your project to build incorrectly. To correct this, please make sure that $(OutDir), $(TargetName) and $(TargetExt) property values match the value specified in %(Link.OutputFile).
C:\Program Files (x86)\MSBuild\Microsoft.Cpp\v4.0\V140\Microsoft.CppBuild.targets(1191,5): warning MSB8012: TargetName(LTE) does not match the Linker's OutputFile property value (libLTE). This may cause your project to build incorrectly. To correct this, please make sure that $(OutDir), $(TargetName) and $(TargetExt) property values match the value specified in %(Link.OutputFile).
CA.obj : warning LNK4075: ignoring '/EDITANDCONTINUE' due to '/OPT:LBR' specification
     Creating library ..\Dll\LTE.lib and object ..\Dll\LTE.exp
CA.obj : error LNK2019: unresolved external symbol __strdup_dbg1 referenced in function _fn_NetSim_LTE_A_ConfigCA
MIMO.obj : error LNK2001: unresolved external symbol _list_next
NAS.obj : error LNK2001: unresolved external symbol _list_next
Relay.obj : error LNK2001: unresolved external symbol _list_next
CA.obj : error LNK2001: unresolved external symbol _list_next
Femtocell.obj : error LNK2001: unresolved external symbol _list_next
LTE_Phy.obj : error LNK2001: unresolved external symbol _list_next
Mac_scheduler.obj : error LNK2001: unresolved external symbol _list_next
CA.obj : error LNK2019: unresolved external symbol _fn_NetSim_xmlGetChildElement referenced in function _fn_NetSim_LTE_A_ConfigCA
CA.obj : error LNK2019: unresolved external symbol _GetXmlVal referenced in function _fn_NetSim_LTE_A_ConfigCA
NAS.obj : error LNK2001: unresolved external symbol __imp__NETWORK
Relay.obj : error LNK2001: unresolved external symbol __imp__NETWORK
RLC.obj : error LNK2001: unresolved external symbol __imp__NETWORK
RRC.obj : error LNK2001: unresolved external symbol __imp__NETWORK
LTE.obj : error LNK2001: unresolved external symbol __imp__NETWORK
LTE_Phy.obj : error LNK2001: unresolved external symbol __imp__NETWORK
Mac_scheduler.obj : error LNK2001: unresolved external symbol __imp__NETWORK
MIMO.obj : error LNK2001: unresolved external symbol __imp__NETWORK
CA.obj : error LNK2001: unresolved external symbol __imp__NETWORK
D2D.obj : error LNK2001: unresolved external symbol __imp__NETWORK
Femtocell.obj : error LNK2001: unresolved external symbol __imp__NETWORK
HARQ.obj : error LNK2001: unresolved external symbol __imp__NETWORK
RLC.obj : error LNK2001: unresolved external symbol _fnpAllocateMemory_dbg
RRC.obj : error LNK2001: unresolved external symbol _fnpAllocateMemory_dbg
Mac_scheduler.obj : error LNK2001: unresolved external symbol _fnpAllocateMemory_dbg
NAS.obj : error LNK2001: unresolved external symbol _fnpAllocateMemory_dbg
PDCP.obj : error LNK2001: unresolved external symbol _fnpAllocateMemory_dbg
Relay.obj : error LNK2001: unresolved external symbol _fnpAllocateMemory_dbg
D2D.obj : error LNK2001: unresolved external symbol _fnpAllocateMemory_dbg
Femtocell.obj : error LNK2001: unresolved external symbol _fnpAllocateMemory_dbg
HARQ.obj : error LNK2001: unresolved external symbol _fnpAllocateMemory_dbg
LTE_Phy.obj : error LNK2001: unresolved external symbol _fnpAllocateMemory_dbg
D2D.obj : error LNK2019: unresolved external symbol _fnpFreeMemory_dbg referenced in function _d2d_free
Femtocell.obj : error LNK2001: unresolved external symbol _fnpFreeMemory_dbg
HARQ.obj : error LNK2001: unresolved external symbol _fnpFreeMemory_dbg
RLC.obj : error LNK2001: unresolved external symbol _fnGetPacketSize
D2D.obj : error LNK2001: unresolved external symbol _fnGetPacketSize
HARQ.obj : error LNK2001: unresolved external symbol _fnGetPacketSize
Mac_scheduler.obj : error LNK2001: unresolved external symbol _fnGetPacketSize
Relay.obj : error LNK2001: unresolved external symbol _fnGetPacketSize
D2D.obj : error LNK2019: unresolved external symbol _get_first_dest_from_packet referenced in function _fn_NetSim_D2D_Transmit_UL
Mac_scheduler.obj : error LNK2001: unresolved external symbol _get_first_dest_from_packet
NAS.obj : error LNK2001: unresolved external symbol _get_first_dest_from_packet
RLC.obj : error LNK2001: unresolved external symbol _get_first_dest_from_packet
RLC.obj : error LNK2001: unresolved external symbol _ReportError
RRC.obj : error LNK2001: unresolved external symbol _ReportError
D2D.obj : error LNK2001: unresolved external symbol _ReportError
LTE.obj : error LNK2001: unresolved external symbol _ReportError
Mac_scheduler.obj : error LNK2001: unresolved external symbol _ReportError
MIMO.obj : error LNK2001: unresolved external symbol _ReportError
NAS.obj : error LNK2001: unresolved external symbol _fnAddEvent_F
Relay.obj : error LNK2001: unresolved external symbol _fnAddEvent_F
RLC.obj : error LNK2001: unresolved external symbol _fnAddEvent_F
RRC.obj : error LNK2001: unresolved external symbol _fnAddEvent_F
D2D.obj : error LNK2001: unresolved external symbol _fnAddEvent_F
HARQ.obj : error LNK2001: unresolved external symbol _fnAddEvent_F
LTE.obj : error LNK2001: unresolved external symbol _fnAddEvent_F
Mac_scheduler.obj : error LNK2001: unresolved external symbol _fnAddEvent_F
RRC.obj : error LNK2001: unresolved external symbol _fn_NetSim_LTE_FindInfo
Mac_scheduler.obj : error LNK2001: unresolved external symbol _fn_NetSim_LTE_FindInfo
NAS.obj : error LNK2001: unresolved external symbol _fn_NetSim_LTE_FindInfo
Relay.obj : error LNK2001: unresolved external symbol _fn_NetSim_LTE_FindInfo
RLC.obj : error LNK2001: unresolved external symbol _fn_NetSim_LTE_FindInfo
D2D.obj : error LNK2001: unresolved external symbol _fn_NetSim_LTE_FindInfo
HARQ.obj : error LNK2001: unresolved external symbol _fn_NetSim_LTE_FindInfo
LTE.obj : error LNK2001: unresolved external symbol _fn_NetSim_LTE_FindInfo
LTE_Phy.obj : error LNK2001: unresolved external symbol _fn_NetSim_LTE_FindInfo
NAS.obj : error LNK2001: unresolved external symbol __imp__pstruEventDetails
Relay.obj : error LNK2001: unresolved external symbol __imp__pstruEventDetails
RLC.obj : error LNK2001: unresolved external symbol __imp__pstruEventDetails
RRC.obj : error LNK2001: unresolved external symbol __imp__pstruEventDetails
D2D.obj : error LNK2001: unresolved external symbol __imp__pstruEventDetails
HARQ.obj : error LNK2001: unresolved external symbol __imp__pstruEventDetails
LTE.obj : error LNK2001: unresolved external symbol __imp__pstruEventDetails
Mac_scheduler.obj : error LNK2001: unresolved external symbol __imp__pstruEventDetails
D2D.obj : error LNK2001: unresolved external symbol __imp__pszIOPath
Femtocell.obj : error LNK2001: unresolved external symbol __imp__pszIOPath
Femtocell.obj : error LNK2019: unresolved external symbol _list_alloc_dbg referenced in function _form_interfering_group
NAS.obj : error LNK2001: unresolved external symbol _list_alloc_dbg
Femtocell.obj : error LNK2019: unresolved external symbol _list_add_last referenced in function _form_interfering_group
NAS.obj : error LNK2001: unresolved external symbol _list_add_last
Femtocell.obj : error LNK2019: unresolved external symbol _list_free referenced in function _femotocell_finish
NAS.obj : error LNK2001: unresolved external symbol _list_free
Femtocell.obj : error LNK2019: unresolved external symbol _fn_NetSim_Stack_GetInterfaceIdbyInterfaceType referenced in function _femtocell_init
Femtocell.obj : error LNK2019: unresolved external symbol _fn_NetSim_Stack_GetConnectedDevice referenced in function _femtocell_init
NAS.obj : error LNK2001: unresolved external symbol _fn_NetSim_Stack_GetConnectedDevice
RRC.obj : error LNK2001: unresolved external symbol _fn_NetSim_Packet_FreePacket_dbg
HARQ.obj : error LNK2001: unresolved external symbol _fn_NetSim_Packet_FreePacket_dbg
Mac_scheduler.obj : error LNK2001: unresolved external symbol _fn_NetSim_Packet_FreePacket_dbg
NAS.obj : error LNK2001: unresolved external symbol _fn_NetSim_Packet_FreePacket_dbg
RLC.obj : error LNK2001: unresolved external symbol _fn_NetSim_Packet_FreePacket_dbg
HARQ.obj : error LNK2019: unresolved external symbol _fn_NetSim_Packet_CopyPacket_dbg referenced in function _fn_NetSim_LTE_AddToHARQBuffer
RLC.obj : error LNK2001: unresolved external symbol _fn_NetSim_Packet_CopyPacket_dbg
HARQ.obj : error LNK2019: unresolved external symbol _fn_NetSim_LTE_CreateCtrlPacket referenced in function _fn_NetSim_LTE_SendAck
NAS.obj : error LNK2001: unresolved external symbol _fn_NetSim_LTE_CreateCtrlPacket
RRC.obj : error LNK2001: unresolved external symbol _fn_NetSim_LTE_CreateCtrlPacket
LTE.obj : error LNK2019: unresolved external symbol _fn_NetSim_Metrics_Add referenced in function _fn_NetSim_LTE_Run
LTE.obj : error LNK2019: unresolved external symbol _fn_NetSim_Packet_GetPacketFromBuffer referenced in function _fn_NetSim_LTE_Run
Mac_scheduler.obj : error LNK2001: unresolved external symbol _fn_NetSim_Packet_GetPacketFromBuffer
NAS.obj : error LNK2001: unresolved external symbol _fn_NetSim_Packet_GetPacketFromBuffer
LTE.obj : error LNK2019: unresolved external symbol _fn_NetSim_WritePacketTrace_dbg referenced in function _fn_NetSim_LTE_Run
LTE.obj : error LNK2019: unresolved external symbol _fn_NetSim_LTE_ConfigPacketTrace_F referenced in function _fn_NetSim_LTE_ConfigPacketTrace
LTE.obj : error LNK2019: unresolved external symbol _fn_NetSim_LTE_Configure_F referenced in function _fn_NetSim_LTE_Configure
LTE.obj : error LNK2019: unresolved external symbol _fn_NetSim_LTE_Finish_F referenced in function _fn_NetSim_LTE_Finish
LTE.obj : error LNK2019: unresolved external symbol _fn_NetSim_LTE_Init_F referenced in function _fn_NetSim_LTE_Init
LTE.obj : error LNK2019: unresolved external symbol _fn_NetSim_LTE_Metrics_F referenced in function _fn_NetSim_LTE_Metrics
LTE.obj : error LNK2019: unresolved external symbol _fn_NetSim_LTE_FreePacket_F referenced in function _fn_NetSim_LTE_FreePacket
LTE.obj : error LNK2019: unresolved external symbol _fn_NetSim_LTE_CopyPacket_F referenced in function _fn_NetSim_LTE_CopyPacket
LTE.obj : error LNK2019: unresolved external symbol _fn_NetSim_LTE_DecideError referenced in function _fn_NetSim_LTE_Run
LTE.obj : error LNK2019: unresolved external symbol _fn_NetSim_LTE_Trace_F referenced in function _fn_NetSim_LTE_Trace
LTE.obj : error LNK2019: unresolved external symbol _fn_NetSim_LTE_WritePacketTrace_F referenced in function _fn_NetSim_LTE_WritePacketTrace
LTE_Phy.obj : error LNK2019: unresolved external symbol _fn_NetSim_Utilities_CalculateDistance referenced in function _fn_NetSim_LTE_CalculateRxPower
LTE_Phy.obj : error LNK2019: unresolved external symbol _fn_NetSim_LTE_CalculateBER referenced in function _fn_NetSim_LTE_CalculateReceivedPower
NAS.obj : error LNK2001: unresolved external symbol _fn_NetSim_LTE_CalculateBER
Mac_scheduler.obj : error LNK2019: unresolved external symbol _list_sort referenced in function _fn_NetSim_LTE_FormDownlinkFrame_MaxCQI
Mac_scheduler.obj : error LNK2019: unresolved external symbol _fn_NetSim_GetBufferStatus referenced in function _fn_NetSim_LTE_AddInQueue
NAS.obj : error LNK2001: unresolved external symbol _fn_NetSim_GetBufferStatus
Relay.obj : error LNK2001: unresolved external symbol _fn_NetSim_GetBufferStatus
RLC.obj : error LNK2001: unresolved external symbol _fn_NetSim_GetBufferStatus
Mac_scheduler.obj : error LNK2019: unresolved external symbol _isBroadcastPacket referenced in function _fn_NetSim_LTE_eNB_AddInQueue
Mac_scheduler.obj : error LNK2019: unresolved external symbol _isMulticastPacket referenced in function _fn_NetSim_LTE_eNB_AddInQueue
Mac_scheduler.obj : error LNK2019: unresolved external symbol _add_plot_data_formatted referenced in function _fn_NetSim_LTE_FormDownlinkFrame
NAS.obj : error LNK2019: unresolved external symbol _list_remove referenced in function _fn_NetSim_LTE_ProcessHORequestAck
NAS.obj : error LNK2019: unresolved external symbol _fn_NetSim_Stack_RemoveDeviceFromlink referenced in function _fn_NetSim_LTE_ProcessHORequestAck
NAS.obj : error LNK2019: unresolved external symbol _fn_NetSim_Stack_AddDeviceTolink referenced in function _fn_NetSim_LTE_ProcessHORequestAck
NAS.obj : error LNK2019: unresolved external symbol _fn_NetSim_Stack_GetMacProtocol referenced in function _fn_NetSim_LTE_DecideHandover
RLC.obj : error LNK2001: unresolved external symbol _fn_NetSim_Stack_GetMacProtocol
NAS.obj : error LNK2019: unresolved external symbol _fn_NetSim_Packet_AddPacketToList_dbg referenced in function _fn_NetSim_LTE_DecideHandover
Relay.obj : error LNK2001: unresolved external symbol _fn_NetSim_Packet_AddPacketToList_dbg
RLC.obj : error LNK2001: unresolved external symbol _fn_NetSim_Packet_AddPacketToList_dbg
NAS.obj : error LNK2019: unresolved external symbol _isPartofSameMME referenced in function _fn_NetSim_LTE_DecideHandover
RLC.obj : error LNK2019: unresolved external symbol _fn_NetSim_Stack_GetNWProtocol referenced in function _fn_NetSim_LTE_RLC_UE_In
RLC.obj : error LNK2019: unresolved external symbol _fn_NetSim_Packet_CreatePacket_dbg referenced in function _create_rlc_sdu
RLC.obj : error LNK2019: unresolved external symbol _add_dest_to_packet referenced in function _create_rlc_sdu
RLC.obj : error LNK2019: unresolved external symbol _isBitSet referenced in function _fn_NetSim_LTE_RLC_UE_In
RLC.obj : error LNK2019: unresolved external symbol _setBit referenced in function _create_rlc_sdu
..\lib\MemoryBlock.lib : warning LNK4272: library machine type 'x64' conflicts with target machine type 'X86'
..\lib\IP_Addressing.lib : warning LNK4272: library machine type 'x64' conflicts with target machine type 'X86'
..\lib\Metrics.lib : warning LNK4272: library machine type 'x64' conflicts with target machine type 'X86'
..\lib\NetworkStack.lib : warning LNK4272: library machine type 'x64' conflicts with target machine type 'X86'
..\lib\Mobility.lib : warning LNK4272: library machine type 'x64' conflicts with target machine type 'X86'
..\lib\PropagationModel.lib : warning LNK4272: library machine type 'x64' conflicts with target machine type 'X86'
..\lib\NetSim_utility.lib : warning LNK4272: library machine type 'x64' conflicts with target machine type 'X86'
..\Dll\libLTE.dll : fatal error LNK1120: 53 unresolved externals
