c:\users\sony\desktop\modeling_obstacles_in_lte\simulation\lte\x64\debug\vc140.pdb
c:\users\sony\desktop\modeling_obstacles_in_lte\simulation\lte\x64\debug\vc140.idb
c:\users\sony\desktop\modeling_obstacles_in_lte\simulation\lte\x64\debug\ca.obj
c:\users\sony\desktop\modeling_obstacles_in_lte\simulation\lte\x64\debug\d2d.obj
c:\users\sony\desktop\modeling_obstacles_in_lte\simulation\lte\x64\debug\femtocell.obj
c:\users\sony\desktop\modeling_obstacles_in_lte\simulation\lte\x64\debug\harq.obj
c:\users\sony\desktop\modeling_obstacles_in_lte\simulation\lte\x64\debug\lte.obj
c:\users\sony\desktop\modeling_obstacles_in_lte\simulation\lte\x64\debug\lte_enum.obj
c:\users\sony\desktop\modeling_obstacles_in_lte\simulation\lte\x64\debug\lte_phy.obj
c:\users\sony\desktop\modeling_obstacles_in_lte\simulation\lte\x64\debug\mac_scheduler.obj
c:\users\sony\desktop\modeling_obstacles_in_lte\simulation\lte\x64\debug\mimo.obj
c:\users\sony\desktop\modeling_obstacles_in_lte\simulation\lte\x64\debug\nas.obj
c:\users\sony\desktop\modeling_obstacles_in_lte\simulation\lte\x64\debug\pdcp.obj
c:\users\sony\desktop\modeling_obstacles_in_lte\simulation\lte\x64\debug\relay.obj
c:\users\sony\desktop\modeling_obstacles_in_lte\simulation\lte\x64\debug\rlc.obj
c:\users\sony\desktop\modeling_obstacles_in_lte\simulation\lte\x64\debug\rrc.obj
c:\users\sony\desktop\modeling_obstacles_in_lte\simulation\dll\liblte.dll
c:\users\sony\desktop\modeling_obstacles_in_lte\simulation\dll\lte.pdb
c:\users\sony\desktop\modeling_obstacles_in_lte\simulation\dll\lte.lib
c:\users\sony\desktop\modeling_obstacles_in_lte\simulation\dll\lte.exp
c:\users\sony\desktop\modeling_obstacles_in_lte\simulation\lte\x64\debug\lte.tlog\cl.command.1.tlog
c:\users\sony\desktop\modeling_obstacles_in_lte\simulation\lte\x64\debug\lte.tlog\cl.read.1.tlog
c:\users\sony\desktop\modeling_obstacles_in_lte\simulation\lte\x64\debug\lte.tlog\cl.write.1.tlog
c:\users\sony\desktop\modeling_obstacles_in_lte\simulation\lte\x64\debug\lte.tlog\link.command.1.tlog
c:\users\sony\desktop\modeling_obstacles_in_lte\simulation\lte\x64\debug\lte.tlog\link.read.1.tlog
c:\users\sony\desktop\modeling_obstacles_in_lte\simulation\lte\x64\debug\lte.tlog\link.write.1.tlog
c:\users\sony\desktop\modeling_obstacles_in_lte\simulation\lte\x64\debug\lte.tlog\lte.write.1u.tlog
